[2025-09-12T09:09:37.009000] SUBIDA - C:\Users\uestudiantes\Downloads\Document 2.pdf - ID: 68c4299d19641db1c990520c
[2025-09-12T09:09:49.217635] SUBIDA - C:\Users\uestudiantes\Downloads\Document 2.pdf - ID: 68c429a9673a31e33d1e30c7
[2025-09-12T12:46:12.821725] SUBIDA - C:\Users\uestudiantes\Downloads\Formato hoja de vida institucional Coformación 2025-1.pdf - ID: 68c45c637552fb8b7798e5e9
[2025-09-12T13:16:28.060767] SUBIDA - C:\Users\uestudiantes\Downloads\Formato hoja de vida institucional Coformación 2025-1.pdf - ID: 68c4637a0ba8b2680fb7d6b1
[2025-09-12T18:27:59.568073] SUBIDA - C:\Users\sgdgx\Downloads\1.docx - ID: 68c4ac7ed78885322d58e46f
[2025-09-15T06:15:22.688397] SUBIDA - C:\Users\sgdgx\Downloads\Empresa 1.docx - ID: 68c7f548c9c9f0fc201f079a
[2025-09-15T09:41:04.645263] SUBIDA - C:\Users\uestudiantes\Downloads\Hoja_de_vida_institucional_2025-1_Juan_David_Rojas_Valencia.pdf - ID: 68c8257faa9106d0376837a0
[2025-09-15T10:03:20.059039] SUBIDA - C:\Users\uestudiantes\Downloads\Formato hoja de vida institucional Coformación 2025-1.pdf - ID: 68c82ab60fb4590fdfd7d526
[2025-09-15T10:06:12.814555] SUBIDA - C:\Users\uestudiantes\Downloads\Formato hoja de vida institucional Coformación 2025-1.pdf - ID: 68c82b63291a7f3312725b34
[2025-09-15T10:16:03.405290] SUBIDA - C:\Users\uestudiantes\Downloads\Formato hoja de vida institucional Coformación 2025-1.pdf - ID: 68c82db2d9e28368604fa1d2
[2025-09-15T11:22:09.186222] SUBIDA - C:\Users\uestudiantes\Downloads\Daniel_Esteban_Pardo.docx - ID: 68c83d2f10bc1a6fd9ca05f2
[2025-09-15T11:24:31.850646] SUBIDA - C:\Users\uestudiantes\Downloads\Laura_Fernanda_Salazar.docx - ID: 68c83dbe11cddd38e61dda8c
[2025-09-15T11:25:24.347494] SUBIDA - C:\Users\uestudiantes\Downloads\María_José_Ramírez.docx - ID: 68c83df3bacf82bd7f4153b4
[2025-09-15T11:47:17.736029] SUBIDA - C:\Users\uestudiantes\Downloads\Creative_Web_Studio.docx - ID: 68c8431479a1da8c2b5d37cc
[2025-09-15T11:48:12.251529] SUBIDA - C:\Users\uestudiantes\Downloads\DataVision_Analytics.docx - ID: 68c8434b780679bbd440f52b
[2025-09-15T11:49:06.930357] SUBIDA - C:\Users\uestudiantes\Downloads\NetSecure_Solutions.docx - ID: 68c843817650a9373fe701ff
[2025-09-15T11:50:02.973347] SUBIDA - C:\Users\uestudiantes\Downloads\SysAdmin_Corp.docx - ID: 68c843b9236cfc2a4fe447f8
[2025-09-16T08:06:28.915878] SUBIDA - C:\Users\uestudiantes\Desktop\Proyectos fUSoft\Gestor_Documentos\documentos_prueba\hoja_andres_ceron.docx - ID: 68c960d3a265c694001b5ca5
[2025-09-16T08:08:52.213940] SUBIDA - C:\Users\uestudiantes\Desktop\Proyectos fUSoft\Gestor_Documentos\documentos_prueba\solicitud_uniempressrial.docx - ID: 68c96162c59b0743b24b73ff
[2025-09-16T12:06:16.758500] SUBIDA - C:\Users\uestudiantes\Downloads\Hoja_de_vida_institucional_2025-1_Juan_David_Rojas_Valencia.pdf - ID: 68c99907b1fa1188eed11093
[2025-09-16T12:08:43.456783] SUBIDA - C:\Users\uestudiantes\Downloads\TechNova_Group.docx - ID: 68c9999a7b8c76f60c87f8ea
[2025-09-17T08:13:58.828856] SUBIDA - C:\Users\uestudiantes\Downloads\Hoja_de_vida_institucional_2025-1_Juan_David_Rojas_Valencia.pdf - ID: 68cab415f7efa94f8b26b9e1
